  [1m[35m (57454.3ms)[0m  [1m[35mCREATE DATABASE "TaskList_development" ENCODING = 'unicode'[0m
  ↳ bin/rails:9
  [1m[35m (26754.2ms)[0m  [1m[35mCREATE DATABASE "TaskList_test" ENCODING = 'unicode'[0m
  ↳ bin/rails:9
Started GET "/" for 127.0.0.1 at 2018-09-17 13:33:18 -0700
Processing by Rails::WelcomeController#index as HTML
  Rendering /Users/Katrina/.rvm/gems/ruby-2.5.1/gems/railties-5.2.1/lib/rails/templates/rails/welcome/index.html.erb
  Rendered /Users/Katrina/.rvm/gems/ruby-2.5.1/gems/railties-5.2.1/lib/rails/templates/rails/welcome/index.html.erb (135.5ms)
Completed 200 OK in 583ms (Views: 397.9ms | ActiveRecord: 0.0ms)


Started GET "/tasks" for 127.0.0.1 at 2018-09-17 13:45:07 -0700

SyntaxError - syntax error, unexpected tIDENTIFIER, expecting keyword_end
  get '/tasks' to: 'tasks#index'
               ^~:
  config/routes.rb:4:in `'

Started POST "/__better_errors/ebeefba9eb8ba3f4/variables" for 127.0.0.1 at 2018-09-17 13:45:18 -0700
Started GET "/tasks" for 127.0.0.1 at 2018-09-17 13:45:40 -0700
Processing by TasksController#index as HTML
  Rendering tasks/index.html.erb within layouts/application
  Rendered tasks/index.html.erb within layouts/application (1.0ms)
Completed 200 OK in 6231ms (Views: 6225.5ms | ActiveRecord: 0.0ms)


Started GET "/tasks" for 127.0.0.1 at 2018-09-17 13:52:49 -0700

SyntaxError - syntax error, unexpected ']', expecting =>
...cs fundamentals', 'read notes']
...                              ^:
  app/controllers/tasks_controller.rb:1:in `'

Started POST "/__better_errors/a92767335d672730/variables" for 127.0.0.1 at 2018-09-17 13:52:49 -0700
Started GET "/tasks" for 127.0.0.1 at 2018-09-17 13:53:05 -0700
Processing by TasksController#index as HTML
  Rendering tasks/index.html.erb within layouts/application
  Rendered tasks/index.html.erb within layouts/application (0.5ms)
Completed 200 OK in 1428ms (Views: 1407.2ms | ActiveRecord: 0.0ms)


Started GET "/tasks" for 127.0.0.1 at 2018-09-17 13:53:38 -0700
Processing by TasksController#index as HTML
  Rendering tasks/index.html.erb within layouts/application
  Rendered tasks/index.html.erb within layouts/application (0.5ms)
Completed 200 OK in 45ms (Views: 42.2ms | ActiveRecord: 0.0ms)


Started GET "/tasks" for 127.0.0.1 at 2018-09-17 13:54:16 -0700
Processing by TasksController#index as HTML
  Rendering tasks/index.html.erb within layouts/application
  Rendered tasks/index.html.erb within layouts/application (0.5ms)
Completed 200 OK in 58ms (Views: 53.7ms | ActiveRecord: 0.0ms)


